-------------------------------------------------------------------------------
Test set: com.parkit.parkingsystem.FareCalculatorServiceTest
-------------------------------------------------------------------------------
Tests run: 7, Failures: 1, Errors: 6, Skipped: 0, Time elapsed: 0.08 s <<< FAILURE! - in com.parkit.parkingsystem.FareCalculatorServiceTest
calculateFareCarWithLessThanOneHourParkingTime  Time elapsed: 0.017 s  <<< ERROR!
java.lang.NullPointerException
	at com.parkit.parkingsystem.FareCalculatorServiceTest.calculateFareCarWithLessThanOneHourParkingTime(FareCalculatorServiceTest.java:102)

calculateFareUnkownType  Time elapsed: 0 s  <<< ERROR!
java.lang.NullPointerException
	at com.parkit.parkingsystem.FareCalculatorServiceTest.calculateFareUnkownType(FareCalculatorServiceTest.java:62)

calculateFareCar  Time elapsed: 0.002 s  <<< ERROR!
java.lang.NullPointerException
	at com.parkit.parkingsystem.FareCalculatorServiceTest.calculateFareCar(FareCalculatorServiceTest.java:36)

calculateFareBike  Time elapsed: 0.036 s  <<< FAILURE!
org.opentest4j.AssertionFailedError: expected: <-1.0> but was: <1.0>
	at com.parkit.parkingsystem.FareCalculatorServiceTest.calculateFareBike(FareCalculatorServiceTest.java:56)

calculateFareCarWithMoreThanADayParkingTime  Time elapsed: 0 s  <<< ERROR!
java.lang.NullPointerException
	at com.parkit.parkingsystem.FareCalculatorServiceTest.calculateFareCarWithMoreThanADayParkingTime(FareCalculatorServiceTest.java:116)

calculateFareBikeWithLessThanOneHourParkingTime  Time elapsed: 0 s  <<< ERROR!
java.lang.NullPointerException
	at com.parkit.parkingsystem.FareCalculatorServiceTest.calculateFareBikeWithLessThanOneHourParkingTime(FareCalculatorServiceTest.java:88)

calculateFareBikeWithFutureInTime  Time elapsed: 0 s  <<< ERROR!
java.lang.NullPointerException
	at com.parkit.parkingsystem.FareCalculatorServiceTest.calculateFareBikeWithFutureInTime(FareCalculatorServiceTest.java:75)

